<?xml version="1.0" encoding="UTF-8"?>
<!-- Generated by org.testng.reporters.JUnitReportReporter -->
<testsuite skipped="0" hostname="BLT231" name="tests.JfirefoxTest" tests="2" failures="0" timestamp="2020-03-03T23:30:42 IST" time="34.646" errors="0">
  <testcase name="test" time="17.741" classname="tests.JfirefoxTest"/>
  <testcase name="test" time="16.905" classname="tests.JfirefoxTest"/>
</testsuite> <!-- tests.JfirefoxTest -->
